0 info it worked if it ends with ok
1 verbose cli [ '/usr/bin/node', '/usr/bin/npm', 'run', 'client' ]
2 info using npm@3.5.2
3 info using node@v8.10.0
4 verbose run-script [ 'preclient', 'client', 'postclient' ]
5 info lifecycle vgc@0.0.1~preclient: vgc@0.0.1
6 silly lifecycle vgc@0.0.1~preclient: no script for preclient, continuing
7 info lifecycle vgc@0.0.1~client: vgc@0.0.1
8 verbose lifecycle vgc@0.0.1~client: unsafe-perm in lifecycle true
9 verbose lifecycle vgc@0.0.1~client: PATH: /usr/share/npm/bin/node-gyp-bin:/home/bobby/Documents/Github/VGC/node_modules/.bin:/usr/share/npm/bin/node-gyp-bin:/home/bobby/Documents/Github/VGC/node_modules/.bin:/usr/share/npm/bin/node-gyp-bin:/home/bobby/Documents/Github/VGC/node_modules/.bin:/usr/local/sbin:/usr/local/bin:/usr/sbin:/usr/bin:/sbin:/bin:/usr/games:/usr/local/games:/snap/bin
10 verbose lifecycle vgc@0.0.1~client: CWD: /home/bobby/Documents/Github/VGC
11 silly lifecycle vgc@0.0.1~client: Args: [ '-c', 'cd client && npm run start' ]
12 silly lifecycle vgc@0.0.1~client: Returned: code: 1  signal: null
13 info lifecycle vgc@0.0.1~client: Failed to exec client script
14 verbose stack Error: vgc@0.0.1 client: `cd client && npm run start`
14 verbose stack Exit status 1
14 verbose stack     at EventEmitter.<anonymous> (/usr/share/npm/lib/utils/lifecycle.js:232:16)
14 verbose stack     at emitTwo (events.js:126:13)
14 verbose stack     at EventEmitter.emit (events.js:214:7)
14 verbose stack     at ChildProcess.<anonymous> (/usr/share/npm/lib/utils/spawn.js:24:14)
14 verbose stack     at emitTwo (events.js:126:13)
14 verbose stack     at ChildProcess.emit (events.js:214:7)
14 verbose stack     at maybeClose (internal/child_process.js:925:16)
14 verbose stack     at Process.ChildProcess._handle.onexit (internal/child_process.js:209:5)
15 verbose pkgid vgc@0.0.1
16 verbose cwd /home/bobby/Documents/Github/VGC
17 error Linux 4.18.0-15-generic
18 error argv "/usr/bin/node" "/usr/bin/npm" "run" "client"
19 error node v8.10.0
20 error npm  v3.5.2
21 error code ELIFECYCLE
22 error vgc@0.0.1 client: `cd client && npm run start`
22 error Exit status 1
23 error Failed at the vgc@0.0.1 client script 'cd client && npm run start'.
23 error Make sure you have the latest version of node.js and npm installed.
23 error If you do, this is most likely a problem with the vgc package,
23 error not with npm itself.
23 error Tell the author that this fails on your system:
23 error     cd client && npm run start
23 error You can get information on how to open an issue for this project with:
23 error     npm bugs vgc
23 error Or if that isn't available, you can get their info via:
23 error     npm owner ls vgc
23 error There is likely additional logging output above.
24 verbose exit [ 1, true ]
